<?xml version="1.0" encoding="UTF-8"?>
<!-- Generated by org.testng.reporters.JUnitReportReporter -->
<testsuite skipped="0" hostname="Trupti-PC" name="testcases.ExecuteTest" tests="1" failures="0" timestamp="02 Feb 2019 06:31:23 GMT" time="18.622" errors="0">
  <testcase name="executeTest" time="18.622" classname="testcases.ExecuteTest"/>
</testsuite> <!-- testcases.ExecuteTest -->
